<?xml version="1.0" encoding="UTF-8"?>
<!-- Generated by org.testng.reporters.JUnitXMLReporter -->
<testsuite ignored="0" hostname="QWERTY" failures="0" tests="3" name="End To End Test" time="79.257" errors="0" timestamp="2026-06-15T00:20:57 IST">
  <testcase classname="Testcases.BlazeDemoTest" name="fullFlowTest" time="21.852"/>
  <testcase classname="Testcases.BlazeDemoTest" name="fullFlowTest" time="21.755"/>
  <testcase classname="Testcases.BlazeDemoTest" name="fullFlowTest" time="21.493"/>
</testsuite> <!-- End To End Test -->
