<?xml version="1.0" encoding="UTF-8"?>
<!-- Generated by org.testng.reporters.JUnitXMLReporter -->
<testsuite ignored="0" hostname="QWERTY" failures="0" tests="3" name="End To End Test" time="94.739" errors="0" timestamp="2026-06-14T23:01:07 IST">
  <testcase classname="Testcases.BlazeDemoTest" name="fullFlowTest" time="23.867"/>
  <testcase classname="Testcases.BlazeDemoTest" name="fullFlowTest" time="21.93"/>
  <testcase classname="Testcases.BlazeDemoTest" name="fullFlowTest" time="22.367"/>
</testsuite> <!-- End To End Test -->
