<?xml version="1.0" encoding="UTF-8"?>
<!-- Generated by org.testng.reporters.JUnitXMLReporter -->
<testsuite ignored="0" hostname="QWERTY" failures="0" tests="3" name="End To End Test" time="81.792" errors="0" timestamp="2026-06-08T09:58:15 IST">
  <testcase classname="Testcases.BlazeDemoTest" name="fullFlowTest" time="22.207"/>
  <testcase classname="Testcases.BlazeDemoTest" name="fullFlowTest" time="21.417"/>
  <testcase classname="Testcases.BlazeDemoTest" name="fullFlowTest" time="21.486"/>
</testsuite> <!-- End To End Test -->
