<?xml version="1.0" encoding="UTF-8"?>
<testng-results ignored="0" total="3" passed="3" failed="0" skipped="0">
  <reporter-output>
  </reporter-output>
  <suite started-at="2026-06-15T00:19:37 IST" name="BlazeDemo Suite" finished-at="2026-06-15T00:20:56 IST" duration-ms="79257">
    <groups>
    </groups>
    <test started-at="2026-06-15T00:19:37 IST" name="End To End Test" finished-at="2026-06-15T00:20:56 IST" duration-ms="79257">
      <class name="Testcases.BlazeDemoTest">
        <test-method is-config="true" signature="setup()[pri:0, instance:Testcases.BlazeDemoTest@757d6814]" started-at="2026-06-15T00:19:39 IST" name="setup" finished-at="2026-06-15T00:19:45 IST" duration-ms="6604" status="PASS">
          <reporter-output>
          </reporter-output>
        </test-method> <!-- setup -->
        <test-method signature="fullFlowTest(java.lang.String,java.lang.String,java.lang.String,java.lang.String,java.lang.String,java.lang.String,java.lang.String,java.lang.String,java.lang.String)[pri:0, instance:Testcases.BlazeDemoTest@757d6814]" started-at="2026-06-15T00:19:45 IST" name="fullFlowTest" data-provider="flightData" finished-at="2026-06-15T00:20:07 IST" duration-ms="21852" status="PASS">
          <params>
            <param index="0">
              <value>
                <![CDATA[Ashish]]>
              </value>
            </param>
            <param index="1">
              <value>
                <![CDATA[India]]>
              </value>
            </param>
            <param index="2">
              <value>
                <![CDATA[Delhi]]>
              </value>
            </param>
            <param index="3">
              <value>
                <![CDATA[UP]]>
              </value>
            </param>
            <param index="4">
              <value>
                <![CDATA[201301.0]]>
              </value>
            </param>
            <param index="5">
              <value>
                <![CDATA[111111111111]]>
              </value>
            </param>
            <param index="6">
              <value>
                <![CDATA[12.0]]>
              </value>
            </param>
            <param index="7">
              <value>
                <![CDATA[2029.0]]>
              </value>
            </param>
            <param index="8">
              <value>
                <![CDATA[Ashish Shukla]]>
              </value>
            </param>
          </params>
          <reporter-output>
          </reporter-output>
        </test-method> <!-- fullFlowTest -->
        <test-method is-config="true" signature="tearDown()[pri:0, instance:Testcases.BlazeDemoTest@757d6814]" started-at="2026-06-15T00:20:07 IST" name="tearDown" finished-at="2026-06-15T00:20:08 IST" duration-ms="585" status="PASS">
          <reporter-output>
          </reporter-output>
        </test-method> <!-- tearDown -->
        <test-method is-config="true" signature="setup()[pri:0, instance:Testcases.BlazeDemoTest@757d6814]" started-at="2026-06-15T00:20:08 IST" name="setup" finished-at="2026-06-15T00:20:10 IST" duration-ms="2286" status="PASS">
          <reporter-output>
          </reporter-output>
        </test-method> <!-- setup -->
        <test-method signature="fullFlowTest(java.lang.String,java.lang.String,java.lang.String,java.lang.String,java.lang.String,java.lang.String,java.lang.String,java.lang.String,java.lang.String)[pri:0, instance:Testcases.BlazeDemoTest@757d6814]" started-at="2026-06-15T00:20:10 IST" name="fullFlowTest" data-provider="flightData" finished-at="2026-06-15T00:20:32 IST" duration-ms="21755" status="PASS">
          <params>
            <param index="0">
              <value>
                <![CDATA[Virat]]>
              </value>
            </param>
            <param index="1">
              <value>
                <![CDATA[India]]>
              </value>
            </param>
            <param index="2">
              <value>
                <![CDATA[Mumbai]]>
              </value>
            </param>
            <param index="3">
              <value>
                <![CDATA[MH]]>
              </value>
            </param>
            <param index="4">
              <value>
                <![CDATA[400001.0]]>
              </value>
            </param>
            <param index="5">
              <value>
                <![CDATA[222222222222]]>
              </value>
            </param>
            <param index="6">
              <value>
                <![CDATA[11.0]]>
              </value>
            </param>
            <param index="7">
              <value>
                <![CDATA[2030.0]]>
              </value>
            </param>
            <param index="8">
              <value>
                <![CDATA[Virat Kohli]]>
              </value>
            </param>
          </params>
          <reporter-output>
          </reporter-output>
        </test-method> <!-- fullFlowTest -->
        <test-method is-config="true" signature="tearDown()[pri:0, instance:Testcases.BlazeDemoTest@757d6814]" started-at="2026-06-15T00:20:32 IST" name="tearDown" finished-at="2026-06-15T00:20:32 IST" duration-ms="447" status="PASS">
          <reporter-output>
          </reporter-output>
        </test-method> <!-- tearDown -->
        <test-method is-config="true" signature="setup()[pri:0, instance:Testcases.BlazeDemoTest@757d6814]" started-at="2026-06-15T00:20:32 IST" name="setup" finished-at="2026-06-15T00:20:35 IST" duration-ms="2148" status="PASS">
          <reporter-output>
          </reporter-output>
        </test-method> <!-- setup -->
        <test-method signature="fullFlowTest(java.lang.String,java.lang.String,java.lang.String,java.lang.String,java.lang.String,java.lang.String,java.lang.String,java.lang.String,java.lang.String)[pri:0, instance:Testcases.BlazeDemoTest@757d6814]" started-at="2026-06-15T00:20:35 IST" name="fullFlowTest" data-provider="flightData" finished-at="2026-06-15T00:20:56 IST" duration-ms="21493" status="PASS">
          <params>
            <param index="0">
              <value>
                <![CDATA[Rohit]]>
              </value>
            </param>
            <param index="1">
              <value>
                <![CDATA[India]]>
              </value>
            </param>
            <param index="2">
              <value>
                <![CDATA[Pune]]>
              </value>
            </param>
            <param index="3">
              <value>
                <![CDATA[MH]]>
              </value>
            </param>
            <param index="4">
              <value>
                <![CDATA[411001.0]]>
              </value>
            </param>
            <param index="5">
              <value>
                <![CDATA[333333333333]]>
              </value>
            </param>
            <param index="6">
              <value>
                <![CDATA[10.0]]>
              </value>
            </param>
            <param index="7">
              <value>
                <![CDATA[2031.0]]>
              </value>
            </param>
            <param index="8">
              <value>
                <![CDATA[Rohit Sharma]]>
              </value>
            </param>
          </params>
          <reporter-output>
          </reporter-output>
        </test-method> <!-- fullFlowTest -->
        <test-method is-config="true" signature="tearDown()[pri:0, instance:Testcases.BlazeDemoTest@757d6814]" started-at="2026-06-15T00:20:56 IST" name="tearDown" finished-at="2026-06-15T00:20:56 IST" duration-ms="466" status="PASS">
          <reporter-output>
          </reporter-output>
        </test-method> <!-- tearDown -->
      </class> <!-- Testcases.BlazeDemoTest -->
    </test> <!-- End To End Test -->
  </suite> <!-- BlazeDemo Suite -->
</testng-results>
