<?xml version="1.0" encoding="UTF-8"?>
<testsuite xmlns:xsi="http://www.w3.org/2001/XMLSchema-instance" xsi:noNamespaceSchemaLocation="https://maven.apache.org/surefire/maven-surefire-plugin/xsd/surefire-test-report.xsd" version="3.0.2" name="TestSuite" time="81.315" tests="3" errors="0" skipped="0" failures="0">
  <properties>
[...]
</properties>
  <testcase name="fullFlowTest[Ashish, India, Delhi, UP, 201301.0, 111111111111, 12.0, 2029.0, Ashish Shukla](1)" classname="Testcases.BlazeDemoTest" time="21.869">
    <system-out><![CDATA[Test Execution Started
Sheet Name = PurchaseData
Test Started: fullFlowTest
===== TEST STARTED =====
STEP 1: Searching Flights
STEP 2: Selecting Flight
STEP 3: Filling Purchase Details
Name = Ashish
Address = India
City = Delhi
State = UP
Zip = 201301.0
STEP 4: Final Confirmation Page
STEP 5: Writing Excel Data
===== TEST COMPLETED SUCCESSFULLY =====
Test Passed: fullFlowTest
]]></system-out>
    <system-err><![CDATA[Jun 15, 2026 12:19:44 AM org.openqa.selenium.devtools.CdpVersionFinder findNearestMatch
WARNING: Unable to find an exact match for CDP version 149, returning the closest version; found: 148; Please update to a Selenium version that supports CDP version 149
]]></system-err>
  </testcase>
  <testcase name="fullFlowTest[Virat, India, Mumbai, MH, 400001.0, 222222222222, 11.0, 2030.0, Virat Kohli](2)" classname="Testcases.BlazeDemoTest" time="21.756">
    <system-out><![CDATA[Test Started: fullFlowTest
===== TEST STARTED =====
STEP 1: Searching Flights
STEP 2: Selecting Flight
STEP 3: Filling Purchase Details
Name = Virat
Address = India
City = Mumbai
State = MH
Zip = 400001.0
STEP 4: Final Confirmation Page
STEP 5: Writing Excel Data
===== TEST COMPLETED SUCCESSFULLY =====
Test Passed: fullFlowTest
]]></system-out>
    <system-err><![CDATA[Jun 15, 2026 12:20:09 AM org.openqa.selenium.devtools.CdpVersionFinder findNearestMatch
WARNING: Unable to find an exact match for CDP version 149, returning the closest version; found: 148; Please update to a Selenium version that supports CDP version 149
]]></system-err>
  </testcase>
  <testcase name="fullFlowTest[Rohit, India, Pune, MH, 411001.0, 333333333333, 10.0, 2031.0, Rohit Sharma](3)" classname="Testcases.BlazeDemoTest" time="21.495">
    <system-out><![CDATA[Test Started: fullFlowTest
===== TEST STARTED =====
STEP 1: Searching Flights
STEP 2: Selecting Flight
STEP 3: Filling Purchase Details
Name = Rohit
Address = India
City = Pune
State = MH
Zip = 411001.0
STEP 4: Final Confirmation Page
STEP 5: Writing Excel Data
===== TEST COMPLETED SUCCESSFULLY =====
Test Passed: fullFlowTest
]]></system-out>
    <system-err><![CDATA[Jun 15, 2026 12:20:33 AM org.openqa.selenium.devtools.CdpVersionFinder findNearestMatch
WARNING: Unable to find an exact match for CDP version 149, returning the closest version; found: 148; Please update to a Selenium version that supports CDP version 149
]]></system-err>
  </testcase>
</testsuite>