<?xml version="1.0" encoding="UTF-8"?>
<testng-results ignored="0" total="3" passed="3" failed="0" skipped="0">
  <reporter-output>
  </reporter-output>
  <suite started-at="2026-06-14T22:59:31 IST" name="BlazeDemo Suite" finished-at="2026-06-14T23:01:06 IST" duration-ms="94739">
    <groups>
    </groups>
    <test started-at="2026-06-14T22:59:31 IST" name="End To End Test" finished-at="2026-06-14T23:01:06 IST" duration-ms="94739">
      <class name="Testcases.BlazeDemoTest">
        <test-method is-config="true" signature="setup()[pri:0, instance:Testcases.BlazeDemoTest@3af17be2]" started-at="2026-06-14T22:59:34 IST" name="setup" finished-at="2026-06-14T22:59:51 IST" duration-ms="17014" status="PASS">
          <reporter-output>
          </reporter-output>
        </test-method> <!-- setup -->
        <test-method signature="fullFlowTest(java.lang.String,java.lang.String,java.lang.String,java.lang.String,java.lang.String,java.lang.String,java.lang.String,java.lang.String,java.lang.String)[pri:0, instance:Testcases.BlazeDemoTest@3af17be2]" started-at="2026-06-14T22:59:51 IST" name="fullFlowTest" data-provider="flightData" finished-at="2026-06-14T23:00:15 IST" duration-ms="23867" status="PASS">
          <params>
            <param index="0">
              <value>
                <![CDATA[Ashish]]>
              </value>
            </param>
            <param index="1">
              <value>
                <![CDATA[India]]>
              </value>
            </param>
            <param index="2">
              <value>
                <![CDATA[Delhi]]>
              </value>
            </param>
            <param index="3">
              <value>
                <![CDATA[UP]]>
              </value>
            </param>
            <param index="4">
              <value>
                <![CDATA[201301.0]]>
              </value>
            </param>
            <param index="5">
              <value>
                <![CDATA[111111111111]]>
              </value>
            </param>
            <param index="6">
              <value>
                <![CDATA[12.0]]>
              </value>
            </param>
            <param index="7">
              <value>
                <![CDATA[2029.0]]>
              </value>
            </param>
            <param index="8">
              <value>
                <![CDATA[Ashish Shukla]]>
              </value>
            </param>
          </params>
          <reporter-output>
          </reporter-output>
        </test-method> <!-- fullFlowTest -->
        <test-method is-config="true" signature="tearDown()[pri:0, instance:Testcases.BlazeDemoTest@3af17be2]" started-at="2026-06-14T23:00:15 IST" name="tearDown" finished-at="2026-06-14T23:00:15 IST" duration-ms="699" status="PASS">
          <reporter-output>
          </reporter-output>
        </test-method> <!-- tearDown -->
        <test-method is-config="true" signature="setup()[pri:0, instance:Testcases.BlazeDemoTest@3af17be2]" started-at="2026-06-14T23:00:15 IST" name="setup" finished-at="2026-06-14T23:00:18 IST" duration-ms="2652" status="PASS">
          <reporter-output>
          </reporter-output>
        </test-method> <!-- setup -->
        <test-method signature="fullFlowTest(java.lang.String,java.lang.String,java.lang.String,java.lang.String,java.lang.String,java.lang.String,java.lang.String,java.lang.String,java.lang.String)[pri:0, instance:Testcases.BlazeDemoTest@3af17be2]" started-at="2026-06-14T23:00:18 IST" name="fullFlowTest" data-provider="flightData" finished-at="2026-06-14T23:00:40 IST" duration-ms="21930" status="PASS">
          <params>
            <param index="0">
              <value>
                <![CDATA[Virat]]>
              </value>
            </param>
            <param index="1">
              <value>
                <![CDATA[India]]>
              </value>
            </param>
            <param index="2">
              <value>
                <![CDATA[Mumbai]]>
              </value>
            </param>
            <param index="3">
              <value>
                <![CDATA[MH]]>
              </value>
            </param>
            <param index="4">
              <value>
                <![CDATA[400001.0]]>
              </value>
            </param>
            <param index="5">
              <value>
                <![CDATA[222222222222]]>
              </value>
            </param>
            <param index="6">
              <value>
                <![CDATA[11.0]]>
              </value>
            </param>
            <param index="7">
              <value>
                <![CDATA[2030.0]]>
              </value>
            </param>
            <param index="8">
              <value>
                <![CDATA[Virat Kohli]]>
              </value>
            </param>
          </params>
          <reporter-output>
          </reporter-output>
        </test-method> <!-- fullFlowTest -->
        <test-method is-config="true" signature="tearDown()[pri:0, instance:Testcases.BlazeDemoTest@3af17be2]" started-at="2026-06-14T23:00:40 IST" name="tearDown" finished-at="2026-06-14T23:00:41 IST" duration-ms="517" status="PASS">
          <reporter-output>
          </reporter-output>
        </test-method> <!-- tearDown -->
        <test-method is-config="true" signature="setup()[pri:0, instance:Testcases.BlazeDemoTest@3af17be2]" started-at="2026-06-14T23:00:41 IST" name="setup" finished-at="2026-06-14T23:00:43 IST" duration-ms="2474" status="PASS">
          <reporter-output>
          </reporter-output>
        </test-method> <!-- setup -->
        <test-method signature="fullFlowTest(java.lang.String,java.lang.String,java.lang.String,java.lang.String,java.lang.String,java.lang.String,java.lang.String,java.lang.String,java.lang.String)[pri:0, instance:Testcases.BlazeDemoTest@3af17be2]" started-at="2026-06-14T23:00:43 IST" name="fullFlowTest" data-provider="flightData" finished-at="2026-06-14T23:01:05 IST" duration-ms="22367" status="PASS">
          <params>
            <param index="0">
              <value>
                <![CDATA[Rohit]]>
              </value>
            </param>
            <param index="1">
              <value>
                <![CDATA[India]]>
              </value>
            </param>
            <param index="2">
              <value>
                <![CDATA[Pune]]>
              </value>
            </param>
            <param index="3">
              <value>
                <![CDATA[MH]]>
              </value>
            </param>
            <param index="4">
              <value>
                <![CDATA[411001.0]]>
              </value>
            </param>
            <param index="5">
              <value>
                <![CDATA[333333333333]]>
              </value>
            </param>
            <param index="6">
              <value>
                <![CDATA[10.0]]>
              </value>
            </param>
            <param index="7">
              <value>
                <![CDATA[2031.0]]>
              </value>
            </param>
            <param index="8">
              <value>
                <![CDATA[Rohit Sharma]]>
              </value>
            </param>
          </params>
          <reporter-output>
          </reporter-output>
        </test-method> <!-- fullFlowTest -->
        <test-method is-config="true" signature="tearDown()[pri:0, instance:Testcases.BlazeDemoTest@3af17be2]" started-at="2026-06-14T23:01:05 IST" name="tearDown" finished-at="2026-06-14T23:01:06 IST" duration-ms="727" status="PASS">
          <reporter-output>
          </reporter-output>
        </test-method> <!-- tearDown -->
      </class> <!-- Testcases.BlazeDemoTest -->
    </test> <!-- End To End Test -->
  </suite> <!-- BlazeDemo Suite -->
</testng-results>
