<?xml version="1.0" encoding="UTF-8"?>
<!-- Generated by org.testng.reporters.JUnitReportReporter -->
<testsuite hostname="QWERTY" failures="0" tests="3" name="Testcases.BlazeDemoTest" time="79.220" errors="0" timestamp="2026-06-08T09:58:15 IST" skipped="0">
  <testcase classname="Testcases.BlazeDemoTest" name="fullFlowTest" time="29.888"/>
  <testcase classname="Testcases.BlazeDemoTest" name="fullFlowTest" time="24.260"/>
  <testcase classname="Testcases.BlazeDemoTest" name="fullFlowTest" time="25.072"/>
</testsuite> <!-- Testcases.BlazeDemoTest -->
