<?xml version="1.0" encoding="UTF-8"?>
<!-- Generated by org.testng.reporters.JUnitReportReporter -->
<testsuite hostname="QWERTY" failures="0" tests="3" name="Testcases.BlazeDemoTest" time="92.247" errors="0" timestamp="2026-06-14T23:01:07 IST" skipped="0">
  <testcase classname="Testcases.BlazeDemoTest" name="fullFlowTest" time="39.461"/>
  <testcase classname="Testcases.BlazeDemoTest" name="fullFlowTest" time="27.068"/>
  <testcase classname="Testcases.BlazeDemoTest" name="fullFlowTest" time="25.718"/>
</testsuite> <!-- Testcases.BlazeDemoTest -->
