<?xml version="1.0" encoding="UTF-8"?>
<!-- Generated by org.testng.reporters.JUnitReportReporter -->
<testsuite hostname="QWERTY" failures="0" tests="3" name="Testcases.BlazeDemoTest" time="77.636" errors="0" timestamp="2026-06-15T00:20:57 IST" skipped="0">
  <testcase classname="Testcases.BlazeDemoTest" name="fullFlowTest" time="28.944"/>
  <testcase classname="Testcases.BlazeDemoTest" name="fullFlowTest" time="24.107"/>
  <testcase classname="Testcases.BlazeDemoTest" name="fullFlowTest" time="24.585"/>
</testsuite> <!-- Testcases.BlazeDemoTest -->
